[2015/03/26 08:34:12]: [INFO]: [User guest logged in.]
[2015/03/26 08:40:02]: [INFO]: [User guest logged in.]
[2015/03/26 09:45:12]: [ERROR]: [User guest failed to log in]
[2015/03/26 09:45:17]: [INFO]: [User guest logged in.]
[2015/03/26 13:39:19]: [INFO]: [User guest logged in.]
[2015/03/26 13:41:40]: [ERROR]: [User guest failed to log in]
[2015/03/26 13:41:48]: [ERROR]: [User guest failed to log in]
[2015/03/26 13:42:09]: [ERROR]: [User guest failed to log in]
[2015/03/26 13:44:24]: [ERROR]: [User guest failed to log in]
[2015/03/26 13:44:57]: [ERROR]: [User guest failed to log in]
[2015/03/26 13:47:36]: [ERROR]: [User guest failed to log in]
[2015/03/26 13:55:59]: [INFO]: [User guest logged in.]
[2015/03/26 13:56:07]: [INFO]: [User worstguest logged in.]
[2015/03/26 14:00:10]: [INFO]: [User bestguest logged in.]
[2015/03/26 14:06:48]: [INFO]: [User partialguest logged in.]
[2015/03/26 14:06:55]: [ERROR]: [User asd;lfkj failed to log in]
[2015/03/26 14:07:23]: [INFO]: [User worstguest logged in.]
[2015/03/26 14:07:32]: [INFO]: [User worstguest logged in.]
[2015/03/26 14:07:57]: [INFO]: [User guest logged in.]
[2015/03/26 14:08:26]: [INFO]: [User guest logged in.]
[2015/03/26 14:08:35]: [INFO]: [User partialguest logged in.]
[2015/03/26 14:14:41]: [INFO]: [User guest logged in.]
[2015/03/26 14:19:15]: [INFO]: [User guest logged in.]
[2015/03/26 14:22:55]: [INFO]: [User guest logged in.]
[2015/03/26 14:35:28]: [ERROR]: [User guest failed to log in]
[2015/03/26 14:35:35]: [ERROR]: [User guest failed to log in]
[2015/03/26 14:35:41]: [ERROR]: [User guest failed to log in]
[2015/03/26 14:35:45]: [ERROR]: [User guest failed to log in]
[2015/03/26 14:37:40]: [ERROR]: [User guest  failed to log in]
[2015/03/26 14:39:22]: [ERROR]: [User guest  failed to log in]
[2015/03/26 14:40:41]: [ERROR]: [User guest  failed to log in]
[2015/03/26 14:40:47]: [ERROR]: [User guest failed to log in]
[2015/03/26 14:41:01]: [ERROR]: [User guest failed to log in]
[2015/03/26 14:41:07]: [ERROR]: [User guest failed to log in]
[2015/03/26 14:41:11]: [ERROR]: [User guest failed to log in]
[2015/03/26 14:42:41]: [ERROR]: [User guest failed to log in]
[2015/03/26 14:43:26]: [ERROR]: [User guest failed to log in]
[2015/03/26 14:46:45]: [INFO]: [User guest logged in.]
[2015/03/26 14:57:11]: [INFO]: [User bestguest logged in.]
[2015/03/26 15:03:28]: [INFO]: [User bestguest logged in.]
[2015/03/26 15:06:33]: [INFO]: [User worstguest logged in.]
[2015/03/26 15:11:19]: [INFO]: [User guest logged in.]
